<?xml version="1.0" encoding="UTF-8"?>
<testsuite xmlns:xsi="http://www.w3.org/2001/XMLSchema-instance" xsi:noNamespaceSchemaLocation="https://maven.apache.org/surefire/maven-surefire-plugin/xsd/surefire-test-report-3.0.xsd" version="3.0" name="com.akhil.Aws01ApplicationTests" time="3.429" tests="1" errors="0" skipped="0" failures="0">
  <properties>
[...]
</properties>
  <testcase name="contextLoads" classname="com.akhil.Aws01ApplicationTests" time="1.006">
    <system-out><![CDATA[12:07:39.885 [main] INFO org.springframework.test.context.support.AnnotationConfigContextLoaderUtils -- Could not detect default configuration classes for test class [com.akhil.Aws01ApplicationTests]: Aws01ApplicationTests does not declare any static, non-private, non-final, nested classes annotated with @Configuration.
12:07:40.009 [main] INFO org.springframework.boot.test.context.SpringBootTestContextBootstrapper -- Found @SpringBootConfiguration com.akhil.Aws01Application for test class com.akhil.Aws01ApplicationTests

  .   ____          _            __ _ _
 /\\ / ___'_ __ _ _(_)_ __  __ _ \ \ \ \
( ( )\___ | '_ | '_| | '_ \/ _` | \ \ \ \
 \\/  ___)| |_)| | | | | || (_| |  ) ) ) )
  '  |____| .__|_| |_|_| |_\__, | / / / /
 =========|_|==============|___/=/_/_/_/
 :: Spring Boot ::                (v3.2.5)

2024-04-30T12:07:40.570-04:00  INFO 32124 --- [Aws-01] [           main] com.akhil.Aws01ApplicationTests          : Starting Aws01ApplicationTests using Java 17.0.10 with PID 32124 (started by KATTA SETHU AKHIL in C:\Users\KATTA SETHU AKHIL\Documents\workspace-spring-tool-suite-4-4.21.1.RELEASE\Aws-01)
2024-04-30T12:07:40.573-04:00  INFO 32124 --- [Aws-01] [           main] com.akhil.Aws01ApplicationTests          : No active profile set, falling back to 1 default profile: "default"
2024-04-30T12:07:42.079-04:00  INFO 32124 --- [Aws-01] [           main] com.akhil.Aws01ApplicationTests          : Started Aws01ApplicationTests in 1.853 seconds (process running for 3.221)
]]></system-out>
  </testcase>
</testsuite>